     1                                  ; Se da un sir de octeti S. Sa se construiasca sirul D astfel: sa se puna mai intai elementele de pe pozitiile pare din S iar apoi elementele de pe pozitiile impare din S.
     2                                  ;   Exemplu:
     3                                  ;   S: 1, 2, 3, 4, 5, 6, 7, 8
     4                                  ;   D: 1, 3, 5, 7, 2, 4, 6, 8
     5                                  bits 32
     6                                  global start
     7                                  
     8                                  extern exit
     9                                  import exit msvcrt.dll
    10                                  
    11                                  segment data use32 class=data
    12 00000000 010203040506070809          s db 1, 2, 3, 4, 5, 6, 7, 8, 9
    13                                      len equ $-s
    14 00000009 00<rept>                    d times len db 0
    15                                      
    16                                  segment code use32 class=code
    17                                      start:
    18 00000000 B904000000                      mov ecx, len/2
    19 00000005 E327                            jecxz final
    20 00000007 BE00000000                      mov esi, 0
    21 0000000C BF00000000                      mov edi, 0
    22                                          repeta:
    23 00000011 8A86[00000000]                      mov al, [s+esi]
    24 00000017 8887[09000000]                      mov [d+edi], al
    25 0000001D 46                                  inc(esi)
    26 0000001E 8A86[00000000]                      mov al, [s+esi]
    27 00000024 8887[0D000000]                      mov [d+edi+len/2], al 
    28 0000002A 47                                  inc(edi)
    29 0000002B 46                                  inc(esi)
    30 0000002C E2E3                            loop repeta   
    31                                      final:
    32                                      
    33 0000002E 6A00                        push dword 0
    34 00000030 FF15[00000000]              call [exit]
