     1                                  ; Se da un sir de dublucuvinte. 
     2                                  ; Sa se obtina, incepand cu partea inferioara a dublucuvantului, dublucuvantul format din octetii superiori pari ai cuvintelor inferioare din elementele sirului de dublucuvinte. 
     3                                  ; Daca nu sunt indeajuns octeti se va completa cu octetul FFh.
     4                                  ;   Exemplu:
     5                                  ;   Se da sirul de dublucuvinte: s DD 12345678h, 1A2C3C4Dh, 98FCDD76h, 12783A2Bh
     6                                  ;   Sa se obtina dublucuvant: d DD FF3A3C56h.
     7                                  bits 32
     8                                  global start
     9                                  
    10                                  extern exit
    11                                  import exit msvcrt.dll
    12                                  
    13                                  segment data use32 class=data
    14 00000000 785634124D3C2C1A76-         s DD 12345678h, 1A2C3C4Dh, 98FCDD76h, 12783A2Bh
    14 00000009 DDFC982B3A7812     
    15                                      len equ ($-s)/4
    16 00000010 FFFFFFFF                    d times 1 dd 0FFFFFFFFh
    17                                  
    18                                  segment code use32 class=code
    19                                      start:
    20 00000000 B904000000                      mov ecx, len
    21 00000005 F8                              clc
    22 00000006 BE[00000000]                    mov esi, s
    23 0000000B BF00000000                      mov edi, 0
    24                                      
    25                                          repeta:
    26 00000010 AD                                  lodsd    ; AX = <DS:ESI>
    27 00000011 88E3                                mov bl, ah
    28 00000013 80E301                              and bl, 1b
    29 00000016 80FB01                              cmp bl, 1
    30 00000019 7407                                je peste
    31 0000001B 88A7[10000000]                      mov [d+edi], ah
    32 00000021 47                                  inc(edi)
    33                                              
    34                                          peste:
    35 00000022 E2EC                            loop repeta
    36                                          
    37 00000024 8B0D[10000000]                  mov ecx, [d]
    38                                      
    39 0000002A 6A00                        push dword 0
    40 0000002C FF15[00000000]              call [exit]
