     1                                  ; Se dau doua siruri de octeti S1 si S2 de aceeasi lungime. Sa se obtina sirul D prin intercalarea elementelor celor doua siruri.
     2                                  ;   Exemplu:
     3                                  ;   S1: 1, 3, 5, 7
     4                                  ;   S2: 2, 6, 9, 4
     5                                  ;   D: 1, 2, 3, 6, 5, 9, 7, 4
     6                                  bits 32
     7                                  global start
     8                                  
     9                                  extern exit
    10                                  import exit msvcrt.dll
    11                                  
    12                                  segment data use32 class=data
    13 00000000 01030507                    s1 db 1, 3, 5, 7
    14                                      len equ $-s1
    15 00000004 02060904                    s2 db 2, 6, 9, 4
    16 00000008 00<rept>                    d times len+len db 0
    17                                      
    18                                  segment code use32 class=code
    19                                      start:
    20 00000000 B904000000                      mov ecx, len
    21 00000005 E327                            jecxz final
    22 00000007 BE00000000                      mov esi, 0
    23 0000000C BF00000000                      mov edi, 0
    24                                          
    25                                          repeta:
    26 00000011 8A86[00000000]                      mov al, [s1+esi]
    27 00000017 8887[08000000]                      mov [d+edi], al
    28 0000001D 47                                  inc(edi)
    29 0000001E 8A86[04000000]                      mov al, [s2+esi]
    30 00000024 8887[08000000]                      mov [d+edi], al
    31 0000002A 47                                  inc(edi)
    32 0000002B 46                                  inc(esi)
    33 0000002C E2E3                            loop repeta
    34                                          
    35                                      final:
    36                                      
    37 0000002E 6A00                        push dword 0
    38 00000030 FF15[00000000]              call [exit]
