     1                                  ; Sa se citeasca de la tastatura un numar in baza 10 si un numar in baza 16. Sa se afiseze in baza 10 numarul de biti 1 ai sumei celor doua numere citite. Exemplu:
     2                                  ; a = 32 = 0010 0000b
     3                                  ; b = 1Ah = 0001 1010b
     4                                  ; 32 + 1Ah = 0011 1010b
     5                                  ; Se va afisa pe ecran valoarea 4. 
     6                                  bits 32
     7                                  global start
     8                                  
     9                                  extern exit, printf, scanf
    10                                  import exit msvcrt.dll
    11                                  import printf msvcrt.dll
    12                                  import scanf msvcrt.dll
    13                                  
    14                                  segment data use32 class=data
    15 00000000 00000000                    a dd 0
    16 00000004 00000000                    b dd 0
    17 00000008 256400                      format_dec db "%d", 0
    18 0000000B 257800                      format_hex db "%x", 0
    19 0000000E 612028626173653130-         mesaj_a db "a (base10) = ", 0
    19 00000017 29203D2000         
    20 0000001C 622028626173653136-         mesaj_b db "b (base16) = ", 0
    20 00000025 29203D2000         
    21 0000002A 00000000                    resultat dd 0
    22 0000002E 4E756D6172756C2064-         afisare db "Numarul de biti este: %d", 0
    22 00000037 652062697469206573-
    22 00000040 74653A20256400     
    23                                  
    24                                  segment code use32 class=code
    25                                      start:
    26                                      
    27                                          ; a = 
    28 00000000 68[0E000000]                    push dword mesaj_a
    29 00000005 FF15[00000000]                  call [printf]
    30 0000000B 83C404                          add esp, 1*4
    31                                          
    32                                          ; citire a
    33 0000000E 68[00000000]                    push dword a
    34 00000013 68[08000000]                    push dword format_dec
    35 00000018 FF15[00000000]                  call [scanf]
    36 0000001E 83C408                          add esp, 2*4
    37                                          
    38                                          ; b = 
    39 00000021 68[1C000000]                    push dword mesaj_b
    40 00000026 FF15[00000000]                  call [printf]
    41 0000002C 83C404                          add esp, 1*4
    42                                          
    43                                          ; citire b
    44 0000002F 68[04000000]                    push dword b
    45 00000034 68[0B000000]                    push dword format_hex
    46 00000039 FF15[00000000]                  call [scanf]
    47 0000003F 83C408                          add esp, 2*4
    48                                          
    49                                          ; a + b = eax
    50 00000042 A1[00000000]                    mov eax, [a]
    51 00000047 0305[04000000]                  add eax, [b]
    52                                  
    53 0000004D B920000000                      mov ecx, 32
    54 00000052 BB00000000                      mov ebx, 0
    55                                          repeta:
    56 00000057 D1E0                                shl eax, 1
    57 00000059 83D300                              adc ebx, 0
    58 0000005C E2F9                            loop repeta
    59                                          
    60                                          ; afisare
    61 0000005E 53                              push ebx
    62 0000005F 68[2E000000]                    push dword afisare
    63 00000064 FF15[00000000]                  call [printf]
    64 0000006A 83C408                          add esp, 2*4
    65                                          
    66 0000006D 6A00                        push dword 0
    67 0000006F FF15[00000000]              call [exit]
