     1                                  ; Se dau 2 siruri de octeti A si B. Sa se construiasca sirul R care sa contina elementele lui B in ordine inversa urmate de elementele impare ale lui A.
     2                                  ;   Exemplu:
     3                                  ;   A: 2, 1, 3, 3, 4, 2, 6
     4                                  ;   B: 4, 5, 7, 6, 2, 1
     5                                  ;   R: 1, 2, 6, 7, 5, 4, 1, 3, 3
     6                                  bits 32
     7                                  global start
     8                                  
     9                                  extern exit
    10                                  import exit msvcrt.dll
    11                                  
    12                                  segment data use32 class=data
    13 00000000 02010303040206              a db 2, 1, 3, 3, 4, 2, 6
    14                                      len_a equ $-a
    15 00000007 040507060201                b db 4, 5, 7, 6, 2, 1
    16                                      len_b equ $-b
    17 0000000D 00<rept>                    r times len_a+len_b db 0
    18                                      
    19                                  segment code use32 class=code
    20                                      start:
    21 00000000 BF00000000                      mov edi, 0
    22                                          ; sirul b in ordine descrescatoare
    23 00000005 B906000000                      mov ecx, len_b
    24 0000000A E32F                            jecxz final
    25                                          repeta_b:
    26 0000000C 8A81[06000000]                      mov al, [b+ecx-1]
    27 00000012 8887[0D000000]                      mov [r+edi], al
    28 00000018 47                                  inc(edi)
    29 00000019 E2F1                            loop repeta_b
    30                                          ; elementele impare din sirul a
    31 0000001B B907000000                      mov ecx, len_a
    32 00000020 BE00000000                      mov esi, 0
    33 00000025 E314                            jecxz final
    34                                          repeta_a:
    35 00000027 8A86[00000000]                      mov al, [a+esi]
    36 0000002D A801                                test al, 1h
    37 0000002F 7407                                je pare
    38 00000031 8887[0D000000]                          mov [r+edi], al
    39 00000037 47                                      inc(edi)
    40                                              pare:
    41 00000038 46                                  inc(esi)
    42 00000039 E2EC                            loop repeta_a
    43                                          
    44                                      final:
    45 0000003B 6A00                        push dword 0
    46 0000003D FF15[00000000]              call [exit]
