     1                                  ; Se da un fisier text. Sa se citeasca continutul fisierului, sa se contorizeze numarul de vocale si sa se afiseze aceasta valoare. Numele fisierului text este definit in segmentul de date. 
     2                                  bits 32
     3                                  global start
     4                                  
     5                                  extern exit, fopen, fread, fclose, printf
     6                                  import exit msvcrt.dll
     7                                  import fopen msvcrt.dll
     8                                  import fread msvcrt.dll
     9                                  import fclose msvcrt.dll
    10                                  import printf msvcrt.dll
    11                                  
    12                                  segment data use32 class=data
    13 00000000 766F63616C652E7478-         nume_fisier db "vocale.txt", 0
    13 00000009 7400               
    14 0000000B 7200                        mod_acces db "r", 0
    15 0000000D FFFFFFFF                    descriptor_fisier dd -1
    16 00000011 00000000                    numar_vocale dd 0
    17                                      len equ 100
    18 00000015 00<rept>                    text times len db 0
    19 00000079 257300                      format_string db "%s", 0
    20 0000007C 54657874756C206172-         afisare_format db "Textul are %d vocale", 0
    20 00000085 6520256420766F6361-
    20 0000008E 6C6500             
    21                                      
    22                                  segment code use32 class=code
    23                                      start:
    24                                          
    25                                          ; deschidem fisierul
    26 00000000 68[0B000000]                    push dword mod_acces
    27 00000005 68[00000000]                    push dword nume_fisier
    28 0000000A FF15[00000000]                  call [fopen]
    29 00000010 83C408                          add esp, 2*4
    30                                          
    31 00000013 A3[0D000000]                    mov [descriptor_fisier], eax
    32                                          
    33 00000018 83F800                          cmp eax, 0
    34 0000001B 0F84C8000000                    je final
    35                                          
    36                                          ; citim textul din fisier
    37 00000021 FF35[0D000000]                  push dword [descriptor_fisier]
    38 00000027 6A64                            push dword len
    39 00000029 6A01                            push dword 1
    40 0000002B 68[15000000]                    push dword text
    41 00000030 FF15[00000000]                  call [fread]
    42 00000036 83C410                          add esp, 4*4
    43                                          
    44                                          ; inchidem fisierul
    45 00000039 FF35[0D000000]                  push dword [descriptor_fisier]
    46 0000003F FF15[00000000]                  call [fclose]
    47 00000045 83C404                          add esp, 1*4
    48                                          
    49                                          ; afisare text in consola
    50 00000048 68[79000000]                    push dword format_string
    51 0000004D 68[15000000]                    push dword text
    52 00000052 FF15[00000000]                  call [printf]
    53 00000058 83C408                          add esp, 2*4
    54                                          
    55                                          ; numarare vocale
    56                                          ;mov ecx, len
    57 0000005B BE00000000                      mov esi, 0
    58 00000060 FC                              cld 
    59 00000061 BB00000000                      mov ebx, 0
    60                                          repeta:
    61                                          
    62 00000066 80BE[15000000]61                    cmp byte [text+esi], 'a'
    63 0000006D 7453                                je numara
    64                                              
    65 0000006F 80BE[15000000]65                    cmp byte [text+esi], 'e'
    66 00000076 744A                                je numara
    67                                          
    68 00000078 80BE[15000000]69                    cmp byte [text+esi], 'i'
    69 0000007F 7441                                je numara
    70                                          
    71 00000081 80BE[15000000]6F                    cmp byte[text+esi], 'o'
    72 00000088 7438                                je numara
    73                                              
    74 0000008A 80BE[15000000]75                    cmp byte[text+esi], 'u'
    75 00000091 742F                                je numara
    76                                              
    77 00000093 80BE[15000000]41                    cmp byte[text+esi], 'A'
    78 0000009A 7426                                je numara
    79                                              
    80 0000009C 80BE[15000000]45                    cmp byte[text+esi], 'E'
    81 000000A3 741D                                je numara
    82                                              
    83 000000A5 80BE[15000000]49                    cmp byte[text+esi], 'I'
    84 000000AC 7414                                je numara
    85                                              
    86 000000AE 80BE[15000000]4F                    cmp byte[text+esi], 'O'
    87 000000B5 740B                                je numara
    88                                              
    89 000000B7 80BE[15000000]55                    cmp byte[text+esi], 'U'
    90 000000BE 7402                                je numara
    91                                              
    92 000000C0 EB03                                jmp peste
    93                                              
    94                                              numara:
    95 000000C2 83C301                                  add ebx, 1
    96                                                  
    97                                              peste:
    98 000000C5 46                                      inc(esi)
    99 000000C6 80BE[15000000]00                cmp byte [text+esi], 0
   100 000000CD 7597                            jne repeta
   101                                          
   102 000000CF 891D[11000000]                  mov [numar_vocale], ebx
   103                                          
   104 000000D5 FF35[11000000]                  push dword [numar_vocale]
   105 000000DB 68[7C000000]                    push dword afisare_format
   106 000000E0 FF15[00000000]                  call [printf]
   107 000000E6 83C408                          add esp, 2*4
   108                                          
   109                                          
   110                                      final:
   111                                      
   112 000000E9 6A00                        push dword 0
   113 000000EB FF15[00000000]              call [exit]
