     1                                  ; Se dau un nume de fisier si un text (definite in segmentul de date). Textul contine litere mici, litere mari, cifre si caractere speciale. Sa se inlocuiasca toate CIFRELE din textul dat cu caracterul 'C'. Sa se cr
     2                                  bits 32
     3                                  global start
     4                                  
     5                                  extern exit, fopen, fprintf, fclose
     6                                  import exit msvcrt.dll
     7                                  import fopen msvcrt.dll
     8                                  import fprintf msvcrt.dll
     9                                  import fclose msvcrt.dll
    10                                  
    11                                  segment data use32 class=data
    12 00000000 6669736965722E7478-         nume_fisier db "fisier.txt", 0
    12 00000009 7400               
    13 0000000B 7700                        mod_acces db "w", 0
    14 0000000D FFFFFFFF                    descriptor_fisier dd -1
    15 00000011 416E61206172652033-         text db "Ana are 34 mere. Ionut are 456 pere si 12 castane.", 0
    15 0000001A 34206D6572652E2049-
    15 00000023 6F6E75742061726520-
    15 0000002C 343536207065726520-
    15 00000035 736920313220636173-
    15 0000003E 74616E652E00       
    16                                      len equ ($-text)
    17 00000044 256300                      format_char db "%c", 0
    18 00000047 4300000000000000            caracter dd "C", 0
    19                                      
    20                                  segment code use32 class=code
    21                                      start:
    22                                      
    23                                          ; deschidere fisier
    24 00000000 68[0B000000]                    push dword mod_acces
    25 00000005 68[00000000]                    push dword nume_fisier
    26 0000000A FF15[00000000]                  call [fopen]
    27 00000010 83C408                          add esp, 2*4
    28                                          
    29                                          ; verificare fisier
    30 00000013 A3[0D000000]                    mov [descriptor_fisier], eax
    31 00000018 83F800                          cmp eax, 0
    32 0000001B 7460                            je final
    33                                          
    34 0000001D B933000000                      mov ecx, len
    35 00000022 BE00000000                      mov esi, 0
    36                                          repeta:
    37 00000027 51                                  push ecx
    38                                          
    39 00000028 80BE[11000000]30                    cmp byte [text+esi], '0'
    40 0000002F 7C1F                                jl peste
    41 00000031 80BE[11000000]39                    cmp byte [text+esi], '9'
    42 00000038 7F16                                jg peste
    43                                              
    44 0000003A 68[47000000]                        push dword caracter
    45                                              ;push dword format_char
    46 0000003F FF35[0D000000]                      push dword [descriptor_fisier]
    47 00000045 FF15[00000000]                      call [fprintf]
    48 0000004B 83C408                              add esp, 2*4
    49                                              
    50 0000004E EB1A                                jmp gata
    51                                              
    52                                              peste:
    53                                             
    54 00000050 FFB6[11000000]                      push dword [text+esi]
    55 00000056 68[44000000]                        push dword format_char
    56 0000005B FF35[0D000000]                      push dword [descriptor_fisier]
    57 00000061 FF15[00000000]                      call [fprintf]
    58 00000067 83C40C                              add esp, 3*4
    59                                  
    60                                              gata:
    61 0000006A 46                                  inc(esi)
    62 0000006B 59                                  pop ecx
    63                                          
    64 0000006C E2B9                            loop repeta
    65                                          
    66                                          
    67                                          ; inchidere fisier
    68 0000006E FF35[0D000000]                  push dword [descriptor_fisier]
    69 00000074 FF15[00000000]                  call [fclose]
    70 0000007A 83C404                          add esp, 1*4
    71                                      
    72                                      final:
    73                                      
    74 0000007D 6A00                        push dword 0
    75 0000007F FF15[00000000]              call [exit]
