     1                                  ; Se dau doua numere naturale a si b (a, b: word, definite in segmentul de date). Sa se calculeze produsul lor si sa se afiseze in urmatorul format: "<a> * <b> = <result>"
     2                                  ; Exemplu: "2 * 4 = 8"
     3                                  ; Valorile vor fi afisate in format decimal (baza 10) cu semn. 
     4                                  bits 32
     5                                  global start
     6                                  
     7                                  extern exit, printf, scanf
     8                                  import exit msvcrt.dll
     9                                  import printf msvcrt.dll
    10                                  import scanf msvcrt.dll
    11                                  
    12                                  segment data use32 class=data
    13 00000000 0200                        a dw 2
    14 00000002 0400                        b dw 4
    15 00000004 00000000                    rezultat dd 0
    16 00000008 2564202A202564203D-         format_afisare db "%d * %d = %d", 0
    16 00000011 20256400           
    17                                  
    18                                  segment code use32 class=code
    19                                      start:
    20                                      
    21                                          ; a * b = rezultat
    22 00000000 B800000000                      mov eax, 0
    23 00000005 66A1[00000000]                  mov ax, [a]
    24 0000000B 668B1D[02000000]                mov bx, [b]
    25 00000012 66F7E3                          mul bx
    26 00000015 A3[04000000]                    mov [rezultat], eax
    27                                          
    28 0000001A 66A1[00000000]                  mov ax, [a]
    29 00000020 98                              cwde
    30 00000021 89C3                            mov ebx, eax
    31 00000023 66A1[02000000]                  mov ax, [b]
    32 00000029 98                              cwde
    33                                          
    34                                      
    35 0000002A FF35[04000000]                  push dword [rezultat]
    36 00000030 50                              push dword eax
    37                                          ;push word 0
    38 00000031 53                              push dword ebx
    39                                          ;push word 0
    40 00000032 68[08000000]                    push dword format_afisare
    41 00000037 FF15[00000000]                  call [printf]
    42 0000003D 83C410                          add esp, 4*4
    43                                      
    44 00000040 6A00                        push dword 0
    45 00000042 FF15[00000000]              call [exit]
