     1                                  bits 32
     2                                  global start
     3                                  
     4                                  extern exit
     5                                  import exit msvcrt.dll
     6                                  
     7                                  segment data use32 class=data
     8 00000000 616263646566                s db 'abcdef'
     9                                      len equ ($-s)
    10 00000006 00<rept>                    d times len db 0
    11                                      
    12                                  ; Se da un sir de caractere s.
    13                                  ; Se cere sirul de caractere d obtinut prin copierea sirului s.
    14                                  segment code use32 class=code
    15                                      start:
    16 00000000 B906000000                      mov ecx, len  ; ecx = len
    17 00000005 E314                            jecxz sfarsit
    18 00000007 BE00000000                      mov esi, 0
    19                                          
    20                                      repeta:
    21 0000000C 8A86[00000000]                  mov al, [s+esi]
    22 00000012 8886[06000000]                  mov [d+esi], al
    23 00000018 46                              inc esi
    24 00000019 E2F1                        loop repeta
    25                                      
    26                                       sfarsit:
    27 0000001B 6A00                            push dword 0        ; push the parameter for exit onto the stack
    28 0000001D FF15[00000000]                  call [exit]         ; call exit to terminate the program
